********************************************************************************
DUPLICATOR-LITE PACKAGE-LOG: 02/08/2020 09:15
NOTICE: Do NOT post to public sites or forums 
********************************************************************************
VERSION:	1.3.36
WORDPRESS:	5.2.7
PHP INFO:	7.2.31 | SAPI: apache2handler
SERVER:		Apache/2.4.43 (Win64) OpenSSL/1.1.1g PHP/7.2.31 
PHP TIME LIMIT: (0) no time limit imposed 
PHP MAX MEMORY: 4294967296 (2048M default) 
MEMORY STACK: 14MB

********************************************************************************
DATABASE:
********************************************************************************
BUILD MODE:   MYSQLDUMP
MYSQLTIMEOUT: 5000
MYSQLDUMP:    Is Supported
SQL CREATED: 20200802_wp_batdongsan3_2bf678540db8dedf5382_20200802091502_database.sql
SQL FILE SIZE: 827.25KB (847103)
SQL FILE TIME: 2020-08-02 09:15:18
SQL RUNTIME: 3.20 sec.

********************************************************************************
ARCHIVE (ZIP):
********************************************************************************
ARCHIVE DIR:  C:/xampp/htdocs/wp/wp_batdongsan3
ARCHIVE FILE: 20200802_wp_batdongsan3_2bf678540db8dedf5382_20200802091502_archive.zip
FILTERS: *OFF*
DIRS:
	not set
FILES:
	not set
EXTS:  not set
----------------------------------------
COMPRESSING
SIZE:	92.55MB
STATS:	Dirs 450 | Files 3,993
SQL ADDED: 20200802_wp_batdongsan3_2bf678540db8dedf5382_20200802091502_database.sql
ZipArchive Object
(
    [status] => 0
    [statusSys] => 0
    [numFiles] => 4443
    [filename] => C:\xampp\htdocs\wp\wp_batdongsan3\wp-content\backups-dup-lite\tmp\20200802_wp_batdongsan3_2bf678540db8dedf5382_20200802091502_archive.zip
    [comment] => 
)

FILE ADDED TO ZIP: 4442
COMPRESSION RESULT: '1'
COMPRESSED SIZE: 50.24MB
ARCHIVE RUNTIME: 31.09 sec.
MEMORY STACK: 14MB
building installer
add_extra_files1
add_extra_files2
add_extra_files3
add_extra_files4
Doing archive file check
add_extra_files5
add_extra_files6
add_extra_files8
Successfully opened zip C:/xampp/htdocs/wp/wp_batdongsan3/wp-content/backups-dup-lite/tmp/20200802_wp_batdongsan3_2bf678540db8dedf5382_20200802091502_archive.zip
Adding enhanced installer files to archive using ZipArchive
Installer files added to archive
Added to archive
After ziparchive close when adding installer

********************************************************************************
INTEGRITY CHECKS:
********************************************************************************
SQL FILE: 827.25KB
INSTALLER FILE: 61.32KB
ARCHIVE FILE: 51.72MB 
EXPECTED FILE/DIRECTORY COUNT: 4,443
ACTUAL FILE/DIRECTORY COUNT: 4,442
ARCHIVE CONSISTENCY TEST: Pass

********************************************************************************
RECORD ID:[1]
TOTAL PROCESS RUNTIME: 35.14 sec.
PEAK PHP MEMORY USED: 16MB
DONE PROCESSING => 20200802_wp_batdongsan3 02/08/2020 09:15

